query 1:
Query(2020-02-28T05:20:55Z, 10, []string{"server1", "database server"}, multilog.WARN)
result:
[02/28/2020 5:20:56.25][warn][database server] Rejecting request: No such database.
[02/28/2020 5:20:56.45][warn][server1] Database “my_db7” did not exist, creating...
[02/28/2020 5:20:57.25][warn][database server] Rejecting request: User does not have sufficient quota to create database.
[02/28/2020 5:20:57.35][error][server1] Could not create database “my_db7”. Database server rejected request.
[02/28/2020 5:20:57.45][fatal][server1] Unable to write to database “my_db7”. Exiting.
query 2:
Query(2020-02-28T05:20:17Z, 5, []string{"server1", "database server"}, multilog.INFO)
result:
[02/28/2020 5:20:55.17][info][server1] Opening database “my_db7” for write.
[02/28/2020 5:20:55.37][info][database server] Request to open database “my_db7”
[02/28/2020 5:20:56.25][warn][database server] Rejecting request: No such database.
[02/28/2020 5:20:56.45][warn][server1] Database “my_db7” did not exist, creating...
[02/28/2020 5:20:57.15][info][database server] Request to create database “my_db7”
query 2:
Query(2020-02-28T05:20:57Z, 3, []string{"server1", "database server"}, multilog.WARN)
result:
[02/28/2020 5:20:57.25][warn][database server] Rejecting request: User does not have sufficient quota to create database.
[02/28/2020 5:20:57.35][error][server1] Could not create database “my_db7”. Database server rejected request.
[02/28/2020 5:20:57.45][fatal][server1] Unable to write to database “my_db7”. Exiting.
